Arguments: 
  /Users/Alicia/.nvm/versions/node/v16.13.0/bin/node /Users/Alicia/.nvm/versions/node/v16.13.0/bin/yarn add jeset

PATH: 
  /Users/Alicia/.rvm/gems/ruby-2.7.4/bin:/Users/Alicia/.rvm/gems/ruby-2.7.4@global/bin:/Users/Alicia/.rvm/rubies/ruby-2.7.4/bin:/Users/Alicia/.nvm/versions/node/v16.13.0/bin:/usr/local/bin:/usr/bin:/bin:/usr/sbin:/sbin:/Users/Alicia/.rvm/bin

Yarn version: 
  1.22.18

Node version: 
  16.13.0

Platform: 
  darwin x64

Trace: 
  Error: https://registry.yarnpkg.com/jeset: Not found
      at Request.params.callback [as _callback] (/Users/Alicia/.nvm/versions/node/v16.13.0/lib/node_modules/yarn/lib/cli.js:66138:18)
      at Request.self.callback (/Users/Alicia/.nvm/versions/node/v16.13.0/lib/node_modules/yarn/lib/cli.js:140883:22)
      at Request.emit (node:events:390:28)
      at Request.<anonymous> (/Users/Alicia/.nvm/versions/node/v16.13.0/lib/node_modules/yarn/lib/cli.js:141855:10)
      at Request.emit (node:events:390:28)
      at IncomingMessage.<anonymous> (/Users/Alicia/.nvm/versions/node/v16.13.0/lib/node_modules/yarn/lib/cli.js:141777:12)
      at Object.onceWrapper (node:events:509:28)
      at IncomingMessage.emit (node:events:402:35)
      at endReadableNT (node:internal/streams/readable:1343:12)
      at processTicksAndRejections (node:internal/process/task_queues:83:21)

npm manifest: 
  {
    "name": "backend-assessment",
    "version": "1.0.0",
    "description": "A simple json API.",
    "main": "app.js",
    "repository": "git@github.com:1stofhername/backend-assessment.git",
    "author": "Alicia <arrowsrp@yahoo.com>",
    "license": "MIT",
    "dependencies": {
      "express-generator": "^4.16.1",
      "memory-cache": "^0.2.0",
      "node-fetch": "2.6.6"
    },
    "scripts": {
      "start": "node app.js",
      "test": "jest"
    }
  
  }

yarn manifest: 
  No manifest

Lockfile: 
  # THIS IS AN AUTOGENERATED FILE. DO NOT EDIT THIS FILE DIRECTLY.
  # yarn lockfile v1
  
  
  balanced-match@^1.0.0:
    version "1.0.2"
    resolved "https://registry.yarnpkg.com/balanced-match/-/balanced-match-1.0.2.tgz#e83e3a7e3f300b34cb9d87f615fa0cbf357690ee"
    integrity sha512-3oSeUO0TMV67hN1AmbXsK4yaqU7tjiHlbxRDZOpH0KW9+CeX4bRAaX0Anxt0tx2MrpRpWwQaPwIlISEJhYU5Pw==
  
  brace-expansion@^1.1.7:
    version "1.1.11"
    resolved "https://registry.yarnpkg.com/brace-expansion/-/brace-expansion-1.1.11.tgz#3c7fcbf529d87226f3d2f52b966ff5271eb441dd"
    integrity sha512-iCuPHDFgrHX7H2vEI/5xpz07zSHB00TpugqhmYtVmMO6518mCuRMoOYFldEBl0g187ufozdaHgWKcYFb61qGiA==
    dependencies:
      balanced-match "^1.0.0"
      concat-map "0.0.1"
  
  commander@2.15.1:
    version "2.15.1"
    resolved "https://registry.yarnpkg.com/commander/-/commander-2.15.1.tgz#df46e867d0fc2aec66a34662b406a9ccafff5b0f"
    integrity sha512-VlfT9F3V0v+jr4yxPc5gg9s62/fIVWsd2Bk2iD435um1NlGMYdVCq+MjcXnhYq2icNOizHr1kK+5TI6H0Hy0ag==
  
  concat-map@0.0.1:
    version "0.0.1"
    resolved "https://registry.yarnpkg.com/concat-map/-/concat-map-0.0.1.tgz#d8a96bd77fd68df7793a73036a3ba0d5405d477b"
    integrity sha512-/Srv4dswyQNBfohGpz9o6Yb3Gz3SrUDqBH5rTuhGR7ahtlbYKnVxw2bCFMRljaA7EXHaXZ8wsHdodFvbkhKmqg==
  
  ejs@2.6.1:
    version "2.6.1"
    resolved "https://registry.yarnpkg.com/ejs/-/ejs-2.6.1.tgz#498ec0d495655abc6f23cd61868d926464071aa0"
    integrity sha512-0xy4A/twfrRCnkhfk8ErDi5DqdAsAqeGxht4xkCUrsvhhbQNs7E+4jV0CN7+NKIY0aHE72+XvqtBIXzD31ZbXQ==
  
  express-generator@^4.16.1:
    version "4.16.1"
    resolved "https://registry.yarnpkg.com/express-generator/-/express-generator-4.16.1.tgz#9b7989b3cdffbea714d549db57fe53c21cb75d70"
    integrity sha512-tWYEx5Y/Llos2qC6yAETmdqEMEPqNUzJ8btGcSZ2zSr8RYOalzffhvh9zx5OQTctvOgJ9kKYxyvFGAIuUuF/wA==
    dependencies:
      commander "2.15.1"
      ejs "2.6.1"
      minimatch "3.0.4"
      mkdirp "0.5.1"
      sorted-object "2.0.1"
  
  memory-cache@^0.2.0:
    version "0.2.0"
    resolved "https://registry.yarnpkg.com/memory-cache/-/memory-cache-0.2.0.tgz#7890b01d52c00c8ebc9d533e1f8eb17e3034871a"
    integrity sha512-OcjA+jzjOYzKmKS6IQVALHLVz+rNTMPoJvCztFaZxwG14wtAW7VRZjwTQu06vKCYOxh4jVnik7ya0SXTB0W+xA==
  
  minimatch@3.0.4:
    version "3.0.4"
    resolved "https://registry.yarnpkg.com/minimatch/-/minimatch-3.0.4.tgz#5166e286457f03306064be5497e8dbb0c3d32083"
    integrity sha512-yJHVQEhyqPLUTgt9B83PXu6W3rx4MvvHvSUvToogpwoGDOUQ+yDrR0HRot+yOCdCO7u4hX3pWft6kWBBcqh0UA==
    dependencies:
      brace-expansion "^1.1.7"
  
  minimist@0.0.8:
    version "0.0.8"
    resolved "https://registry.yarnpkg.com/minimist/-/minimist-0.0.8.tgz#857fcabfc3397d2625b8228262e86aa7a011b05d"
    integrity sha512-miQKw5Hv4NS1Psg2517mV4e4dYNaO3++hjAvLOAzKqZ61rH8NS1SK+vbfBWZ5PY/Me/bEWhUwqMghEW5Fb9T7Q==
  
  mkdirp@0.5.1:
    version "0.5.1"
    resolved "https://registry.yarnpkg.com/mkdirp/-/mkdirp-0.5.1.tgz#30057438eac6cf7f8c4767f38648d6697d75c903"
    integrity sha512-SknJC52obPfGQPnjIkXbmA6+5H15E+fR+E4iR2oQ3zzCLbd7/ONua69R/Gw7AgkTLsRG+r5fzksYwWe1AgTyWA==
    dependencies:
      minimist "0.0.8"
  
  node-fetch@2.6.6:
    version "2.6.6"
    resolved "https://registry.yarnpkg.com/node-fetch/-/node-fetch-2.6.6.tgz#1751a7c01834e8e1697758732e9efb6eeadfaf89"
    integrity sha512-Z8/6vRlTUChSdIgMa51jxQ4lrw/Jy5SOW10ObaA47/RElsAN2c5Pn8bTgFGWn/ibwzXTE8qwr1Yzx28vsecXEA==
    dependencies:
      whatwg-url "^5.0.0"
  
  sorted-object@2.0.1:
    version "2.0.1"
    resolved "https://registry.yarnpkg.com/sorted-object/-/sorted-object-2.0.1.tgz#7d631f4bd3a798a24af1dffcfbfe83337a5df5fc"
    integrity sha1-fWMfS9OnmKJK8d/8+/6DM3pd9fw=
  
  tr46@~0.0.3:
    version "0.0.3"
    resolved "https://registry.yarnpkg.com/tr46/-/tr46-0.0.3.tgz#8184fd347dac9cdc185992f3a6622e14b9d9ab6a"
    integrity sha1-gYT9NH2snNwYWZLzpmIuFLnZq2o=
  
  webidl-conversions@^3.0.0:
    version "3.0.1"
    resolved "https://registry.yarnpkg.com/webidl-conversions/-/webidl-conversions-3.0.1.tgz#24534275e2a7bc6be7bc86611cc16ae0a5654871"
    integrity sha1-JFNCdeKnvGvnvIZhHMFq4KVlSHE=
  
  whatwg-url@^5.0.0:
    version "5.0.0"
    resolved "https://registry.yarnpkg.com/whatwg-url/-/whatwg-url-5.0.0.tgz#966454e8765462e37644d3626f6742ce8b70965d"
    integrity sha1-lmRU6HZUYuN2RNNib2dCzotwll0=
    dependencies:
      tr46 "~0.0.3"
      webidl-conversions "^3.0.0"
